> Task :compileJava UP-TO-DATE
> Task :processResources UP-TO-DATE
> Task :classes UP-TO-DATE

> Task :compileTestJava
Note: C:\Development\Owner\OfferVerdict\src\test\java\com\offerverdict\service\TaxCalculatorServiceTest.java uses or overrides a deprecated API.
Note: Recompile with -Xlint:deprecation for details.

> Task :processTestResources NO-SOURCE
> Task :testClasses
OpenJDK 64-Bit Server VM warning: Sharing is only supported for boot loader classes because bootstrap classpath has been appended

> Task :test

TaxCalculatorServiceTest > calculatesNetAnnual_Married_TX_HighIncome() FAILED
    org.opentest4j.AssertionFailedError at TaxCalculatorServiceTest.java:87

TaxCalculatorServiceTest > calculatesNetAnnual_Single_PA_FlatTax() FAILED
    org.opentest4j.AssertionFailedError at TaxCalculatorServiceTest.java:115

3 tests completed, 2 failed

> Task :test FAILED

[Incubating] Problems report is available at: file:///C:/Development/Owner/OfferVerdict/build/reports/problems/problems-report.html

FAILURE: Build failed with an exception.

* What went wrong:
Execution failed for task ':test'.
> There were failing tests. See the report at: file:///C:/Development/Owner/OfferVerdict/build/reports/tests/test/index.html

* Try:
> Run with --scan to generate a Build Scan (powered by Develocity).

BUILD FAILED in 5s
4 actionable tasks: 2 executed, 2 up-to-date
