Initialized native services in: C:\Users\tlsgu\.gradle\native
Initialized jansi services in: C:\Users\tlsgu\.gradle\native
Found daemon DaemonInfo{pid=22044, address=[57bb43e6-4956-4e4e-b930-6835000feed1 port:62959, addresses:[/127.0.0.1]], state=Idle, lastBusy=1768899706927, context=DefaultDaemonContext[uid=4f77dbe5-2dbc-4fe7-8209-5b7b0f725552,javaHome=C:\Users\tlsgu\.antigravity\extensions\redhat.java-1.51.0-win32-x64\jre\21.0.9-win32-x86_64,javaVersion=21,javaVendor=Eclipse Adoptium,daemonRegistryDir=C:\Users\tlsgu\.gradle\daemon,pid=22044,idleTimeout=10800000,priority=NORMAL,applyInstrumentationAgent=true,nativeServicesMode=ENABLED,daemonOpts=-XX:MaxMetaspaceSize=384m,-XX:+HeapDumpOnOutOfMemoryError,-Xms256m,-Xmx512m,-Dfile.encoding=UTF-8,-Duser.country=KR,-Duser.language=ko,-Duser.variant]} however its context does not match the desired criteria.
JVM is incompatible.
Wanted: DaemonRequestContext{jvmCriteria=C:\Program Files\Java\jdk-23 (no JDK specified, using current Java home), daemonOpts=[-XX:MaxMetaspaceSize=384m, -XX:+HeapDumpOnOutOfMemoryError, -Xms256m, -Xmx512m, -Dfile.encoding=UTF-8, -Duser.country=KR, -Duser.language=ko, -Duser.variant], applyInstrumentationAgent=true, nativeServicesMode=ENABLED, priority=NORMAL}
Actual: DefaultDaemonContext[uid=4f77dbe5-2dbc-4fe7-8209-5b7b0f725552,javaHome=C:\Users\tlsgu\.antigravity\extensions\redhat.java-1.51.0-win32-x64\jre\21.0.9-win32-x86_64,javaVersion=21,javaVendor=Eclipse Adoptium,daemonRegistryDir=C:\Users\tlsgu\.gradle\daemon,pid=22044,idleTimeout=10800000,priority=NORMAL,applyInstrumentationAgent=true,nativeServicesMode=ENABLED,daemonOpts=-XX:MaxMetaspaceSize=384m,-XX:+HeapDumpOnOutOfMemoryError,-Xms256m,-Xmx512m,-Dfile.encoding=UTF-8,-Duser.country=KR,-Duser.language=ko,-Duser.variant]

  Looking for a different daemon...
The client will now receive all logging from the daemon (pid: 11104). The daemon log file: C:\Users\tlsgu\.gradle\daemon\9.2.1\daemon-11104.out.log
Starting 13th build in daemon [uptime: 26 mins 45.733 secs, performance: 100%, GC rate: 0.00/s, heap usage: 0% of 512 MiB, non-heap usage: 17% of 384 MiB]
Using 16 worker leases.
Operational build model parameters: {requiresToolingModels=false, parallelProjectExecution=false, configureOnDemand=false, configurationCache=false, configurationCacheParallelStore=false, configurationCacheParallelLoad=true, isolatedProjects=false, parallelProjectConfiguration=false, intermediateModelCache=false, parallelToolingApiActions=false, invalidateCoupledProjects=false, modelAsProjectDependency=false, resilientModelBuilding=false}
Now considering [C:\Development\Owner\OfferVerdict] as hierarchies to watch
Watching the file system is configured to be enabled if available
File system watching is active
Starting Build
Resolved plugin [id: 'org.gradle.toolchains.foojay-resolver-convention', version: '0.8.0']
Settings evaluated using settings file 'C:\Development\Owner\OfferVerdict\settings.gradle'.
Projects loaded. Root project using build file 'C:\Development\Owner\OfferVerdict\build.gradle'.
Included projects: [root project 'OfferVerdict']

> Configure project :
Evaluating root project 'OfferVerdict' using build file 'C:\Development\Owner\OfferVerdict\build.gradle'.
Resolved plugin [id: 'java']
Resolved plugin [id: 'org.springframework.boot', version: '3.3.4']
Resolved plugin [id: 'io.spring.dependency-management', version: '1.1.7']
Applying dependency management to configuration 'annotationProcessor' in project 'OfferVerdict'
Applying dependency management to configuration 'apiElements' in project 'OfferVerdict'
Applying dependency management to configuration 'archives' in project 'OfferVerdict'
Applying dependency management to configuration 'bootArchives' in project 'OfferVerdict'
Applying dependency management to configuration 'compileClasspath' in project 'OfferVerdict'
Applying dependency management to configuration 'compileOnly' in project 'OfferVerdict'
Applying dependency management to configuration 'default' in project 'OfferVerdict'
Applying dependency management to configuration 'developmentOnly' in project 'OfferVerdict'
Applying dependency management to configuration 'implementation' in project 'OfferVerdict'
Applying dependency management to configuration 'mainSourceElements' in project 'OfferVerdict'
Applying dependency management to configuration 'productionRuntimeClasspath' in project 'OfferVerdict'
Applying dependency management to configuration 'runtimeClasspath' in project 'OfferVerdict'
Applying dependency management to configuration 'runtimeElements' in project 'OfferVerdict'
Applying dependency management to configuration 'runtimeOnly' in project 'OfferVerdict'
Applying dependency management to configuration 'testAndDevelopmentOnly' in project 'OfferVerdict'
Applying dependency management to configuration 'testAnnotationProcessor' in project 'OfferVerdict'
Applying dependency management to configuration 'testCompileClasspath' in project 'OfferVerdict'
Applying dependency management to configuration 'testCompileOnly' in project 'OfferVerdict'
Applying dependency management to configuration 'testImplementation' in project 'OfferVerdict'
Applying dependency management to configuration 'testResultsElementsForTest' in project 'OfferVerdict'
Applying dependency management to configuration 'testRuntimeClasspath' in project 'OfferVerdict'
Applying dependency management to configuration 'testRuntimeOnly' in project 'OfferVerdict'
All projects evaluated.
Task name matched 'test'
Selected primary task 'test' from project :
Resolving global dependency management for project 'OfferVerdict'
Excluding []
Excluding []
Excluding []
Excluding []
Excluding []
Excluding []
Tasks to be executed: [task ':compileJava', task ':processResources', task ':classes', task ':compileTestJava', task ':processTestResources', task ':testClasses', task ':test']
Tasks that were excluded: []
Resolve mutations for :compileJava (Thread[#2854,Execution worker,5,main]) started.
:compileJava (Thread[#2865,Execution worker Thread 12,5,main]) started.

> Task :compileJava UP-TO-DATE
Custom actions are attached to task ':compileJava'.
Caching disabled for task ':compileJava' because:
  Build cache is disabled
Skipping task ':compileJava' as it is up-to-date.
Resolve mutations for :processResources (Thread[#2865,Execution worker Thread 12,5,main]) started.
:processResources (Thread[#2865,Execution worker Thread 12,5,main]) started.

> Task :processResources UP-TO-DATE
Caching disabled for task ':processResources' because:
  Build cache is disabled
  Not worth caching
Skipping task ':processResources' as it is up-to-date.
Resolve mutations for :classes (Thread[#2865,Execution worker Thread 12,5,main]) started.
:classes (Thread[#2865,Execution worker Thread 12,5,main]) started.

> Task :classes UP-TO-DATE
Skipping task ':classes' as it has no actions.
Resolve mutations for :compileTestJava (Thread[#2865,Execution worker Thread 12,5,main]) started.
:compileTestJava (Thread[#2865,Execution worker Thread 12,5,main]) started.

> Task :compileTestJava UP-TO-DATE
Custom actions are attached to task ':compileTestJava'.
Caching disabled for task ':compileTestJava' because:
  Build cache is disabled
Skipping task ':compileTestJava' as it is up-to-date.
Resolve mutations for :processTestResources (Thread[#2865,Execution worker Thread 12,5,main]) started.
:processTestResources (Thread[#2865,Execution worker Thread 12,5,main]) started.

> Task :processTestResources NO-SOURCE
Skipping task ':processTestResources' as it has no source files and no previous output files.
Resolve mutations for :testClasses (Thread[#2865,Execution worker Thread 12,5,main]) started.
:testClasses (Thread[#2865,Execution worker Thread 12,5,main]) started.

> Task :testClasses UP-TO-DATE
Skipping task ':testClasses' as it has no actions.
Resolve mutations for :test (Thread[#2865,Execution worker Thread 12,5,main]) started.
:test (Thread[#2865,Execution worker Thread 12,5,main]) started.
Gradle Test Executor 8 started executing tests.

> Task :test
Caching disabled for task ':test' because:
  Build cache is disabled
Task ':test' is not up-to-date because:
  Task has failed previously.
Starting process 'Gradle Test Executor 8'. Working directory: C:\Development\Owner\OfferVerdict Command: C:\Users\tlsgu\.gradle\jdks\eclipse_adoptium-17-amd64-windows.2\bin\java.exe -Dorg.gradle.internal.worker.tmpdir=C:\Development\Owner\OfferVerdict\build\tmp\test\work @C:\Users\tlsgu\.gradle\.tmp\gradle-worker-classpath4805316110326807394txt -Xmx512m -Dfile.encoding=UTF-8 -Duser.country=KR -Duser.language=ko -Duser.variant -ea worker.org.gradle.process.internal.worker.GradleWorkerMain 'Gradle Test Executor 8'
Successfully started process 'Gradle Test Executor 8'

TaxCalculatorServiceTest STANDARD_OUT

      .   ____          _            __ _ _
     /\\ / ___'_ __ _ _(_)_ __  __ _ \ \ \ \
    ( ( )\___ | '_ | '_| | '_ \/ _` | \ \ \ \
     \\/  ___)| |_)| | | | | || (_| |  ) ) ) )
      '  |____| .__|_| |_|_| |_\__, | / / / /
     =========|_|==============|___/=/_/_/_/

     :: Spring Boot ::                (v3.3.4)

    2026-01-20T18:52:13.088+09:00  INFO 19560 --- [OfferVerdict] [    Test worker] c.o.service.TaxCalculatorServiceTest     : Starting TaxCalculatorServiceTest using Java 17.0.17 with PID 19560 (started by tlsgu in C:\Development\Owner\OfferVerdict)
    2026-01-20T18:52:13.091+09:00  INFO 19560 --- [OfferVerdict] [    Test worker] c.o.service.TaxCalculatorServiceTest     : No active profile set, falling back to 1 default profile: "default"
    2026-01-20T18:52:14.100+09:00  INFO 19560 --- [OfferVerdict] [    Test worker] c.o.service.TaxCalculatorServiceTest     : Started TaxCalculatorServiceTest in 1.312 seconds (process running for 2.396)

OpenJDK 64-Bit Server VM warning: Sharing is only supported for boot loader classes because bootstrap classpath has been appended
Gradle Test Executor 8 finished executing tests.

> Task :test FAILED

TaxCalculatorServiceTest > calculatesNetAnnual_Single_PA_FlatTax() FAILED
    org.opentest4j.AssertionFailedError: expected: <76026.22> but was: <75578.0>
        at app//org.junit.jupiter.api.AssertionFailureBuilder.build(AssertionFailureBuilder.java:151)
        at app//org.junit.jupiter.api.AssertionFailureBuilder.buildAndThrow(AssertionFailureBuilder.java:132)
        at app//org.junit.jupiter.api.AssertEquals.failNotEqual(AssertEquals.java:197)
        at app//org.junit.jupiter.api.AssertEquals.assertEquals(AssertEquals.java:86)
        at app//org.junit.jupiter.api.AssertEquals.assertEquals(AssertEquals.java:81)
        at app//org.junit.jupiter.api.Assertions.assertEquals(Assertions.java:1014)
        at app//com.offerverdict.service.TaxCalculatorServiceTest.calculatesNetAnnual_Single_PA_FlatTax(TaxCalculatorServiceTest.java:115)

1 test completed, 1 failed
Finished generating test XML results (0.002 secs) into: C:\Development\Owner\OfferVerdict\build\test-results\test
Generating HTML test report...
Finished generating test html results (0.005 secs) into: C:\Development\Owner\OfferVerdict\build\reports\tests\test

FAILURE: Build failed with an exception.

* What went wrong:
Execution failed for task ':test'.
> There were failing tests. See the report at: file:///C:/Development/Owner/OfferVerdict/build/reports/tests/test/index.html

* Try:
> Run with --scan to generate a Build Scan (powered by Develocity).

BUILD FAILED in 4s
4 actionable tasks: 1 executed, 3 up-to-date
Watched directory hierarchies: [C:\Development\Owner\OfferVerdict]
